This is pdfTeX, Version 3.14159265-2.6-1.40.21 (TeX Live 2020/Debian) (preloaded format=pdflatex 2022.10.3)  25 OCT 2022 05:48
entering extended mode
 restricted \write18 enabled.
 %&-line parsing enabled.
**bitacora.tex
(./bitacora.tex
LaTeX2e <2020-10-01> patch level 4
L3 programming layer <2021-01-09> xparse <2020-03-03>
(/usr/share/texlive/texmf-dist/tex/latex/base/article.cls
Document Class: article 2020/04/10 v1.4m Standard LaTeX document class
(/usr/share/texlive/texmf-dist/tex/latex/base/size10.clo
File: size10.clo 2020/04/10 v1.4m Standard LaTeX file (size option)
)
\c@part=\count177
\c@section=\count178
\c@subsection=\count179
\c@subsubsection=\count180
\c@paragraph=\count181
\c@subparagraph=\count182
\c@figure=\count183
\c@table=\count184
\abovecaptionskip=\skip47
\belowcaptionskip=\skip48
\bibindent=\dimen138
)
(/usr/share/texlive/texmf-dist/tex/latex/geometry/geometry.sty
Package: geometry 2020/01/02 v5.9 Page Geometry

(/usr/share/texlive/texmf-dist/tex/latex/graphics/keyval.sty
Package: keyval 2014/10/28 v1.15 key=value parser (DPC)
\KV@toks@=\toks15
)
(/usr/share/texlive/texmf-dist/tex/generic/iftex/ifvtex.sty
Package: ifvtex 2019/10/25 v1.7 ifvtex legacy package. Use iftex instead.

(/usr/share/texlive/texmf-dist/tex/generic/iftex/iftex.sty
Package: iftex 2020/03/06 v1.0d TeX engine tests
))
\Gm@cnth=\count185
\Gm@cntv=\count186
\c@Gm@tempcnt=\count187
\Gm@bindingoffset=\dimen139
\Gm@wd@mp=\dimen140
\Gm@odd@mp=\dimen141
\Gm@even@mp=\dimen142
\Gm@layoutwidth=\dimen143
\Gm@layoutheight=\dimen144
\Gm@layouthoffset=\dimen145
\Gm@layoutvoffset=\dimen146
\Gm@dimlist=\toks16
)
(/usr/share/texlive/texmf-dist/tex/latex/base/latexsym.sty
Package: latexsym 1998/08/17 v2.2e Standard LaTeX package (lasy symbols)
\symlasy=\mathgroup4
LaTeX Font Info:    Overwriting symbol font `lasy' in version `bold'
(Font)                  U/lasy/m/n --> U/lasy/b/n on input line 52.
)
(/usr/share/texlive/texmf-dist/tex/latex/amsmath/amsmath.sty
Package: amsmath 2020/09/23 v2.17i AMS math features
\@mathmargin=\skip49

For additional information on amsmath, use the `?' option.
(/usr/share/texlive/texmf-dist/tex/latex/amsmath/amstext.sty
Package: amstext 2000/06/29 v2.01 AMS text

(/usr/share/texlive/texmf-dist/tex/latex/amsmath/amsgen.sty
File: amsgen.sty 1999/11/30 v2.0 generic functions
\@emptytoks=\toks17
\ex@=\dimen147
))
(/usr/share/texlive/texmf-dist/tex/latex/amsmath/amsbsy.sty
Package: amsbsy 1999/11/29 v1.2d Bold Symbols
\pmbraise@=\dimen148
)
(/usr/share/texlive/texmf-dist/tex/latex/amsmath/amsopn.sty
Package: amsopn 2016/03/08 v2.02 operator names
)
\inf@bad=\count188
LaTeX Info: Redefining \frac on input line 234.
\uproot@=\count189
\leftroot@=\count190
LaTeX Info: Redefining \overline on input line 399.
\classnum@=\count191
\DOTSCASE@=\count192
LaTeX Info: Redefining \ldots on input line 496.
LaTeX Info: Redefining \dots on input line 499.
LaTeX Info: Redefining \cdots on input line 620.
\Mathstrutbox@=\box47
\strutbox@=\box48
\big@size=\dimen149
LaTeX Font Info:    Redeclaring font encoding OML on input line 743.
LaTeX Font Info:    Redeclaring font encoding OMS on input line 744.
\macc@depth=\count193
\c@MaxMatrixCols=\count194
\dotsspace@=\muskip16
\c@parentequation=\count195
\dspbrk@lvl=\count196
\tag@help=\toks18
\row@=\count197
\column@=\count198
\maxfields@=\count199
\andhelp@=\toks19
\eqnshift@=\dimen150
\alignsep@=\dimen151
\tagshift@=\dimen152
\tagwidth@=\dimen153
\totwidth@=\dimen154
\lineht@=\dimen155
\@envbody=\toks20
\multlinegap=\skip50
\multlinetaggap=\skip51
\mathdisplay@stack=\toks21
LaTeX Info: Redefining \[ on input line 2923.
LaTeX Info: Redefining \] on input line 2924.
)
(/usr/share/texlive/texmf-dist/tex/latex/amsfonts/amssymb.sty
Package: amssymb 2013/01/14 v3.01 AMS font symbols

(/usr/share/texlive/texmf-dist/tex/latex/amsfonts/amsfonts.sty
Package: amsfonts 2013/01/14 v3.01 Basic AMSFonts support
\symAMSa=\mathgroup5
\symAMSb=\mathgroup6
LaTeX Font Info:    Redeclaring math symbol \hbar on input line 98.
LaTeX Font Info:    Overwriting math alphabet `\mathfrak' in version `bold'
(Font)                  U/euf/m/n --> U/euf/b/n on input line 106.
))
(/usr/share/texlive/texmf-dist/tex/latex/base/inputenc.sty
Package: inputenc 2020/08/01 v1.3d Input encoding file
\inpenc@prehook=\toks22
\inpenc@posthook=\toks23
)
(/usr/share/texlive/texmf-dist/tex/latex/graphics/graphicx.sty
Package: graphicx 2020/09/09 v1.2b Enhanced LaTeX Graphics (DPC,SPQR)

(/usr/share/texlive/texmf-dist/tex/latex/graphics/graphics.sty
Package: graphics 2020/08/30 v1.4c Standard LaTeX Graphics (DPC,SPQR)

(/usr/share/texlive/texmf-dist/tex/latex/graphics/trig.sty
Package: trig 2016/01/03 v1.10 sin cos tan (DPC)
)
(/usr/share/texlive/texmf-dist/tex/latex/graphics-cfg/graphics.cfg
File: graphics.cfg 2016/06/04 v1.11 sample graphics configuration
)
Package graphics Info: Driver file: pdftex.def on input line 105.

(/usr/share/texlive/texmf-dist/tex/latex/graphics-def/pdftex.def
File: pdftex.def 2020/10/05 v1.2a Graphics/color driver for pdftex
))
\Gin@req@height=\dimen156
\Gin@req@width=\dimen157
)
(/usr/share/texlive/texmf-dist/tex/generic/babel/babel.sty
Package: babel 2021/01/26 3.53 The Babel package

(/usr/share/texlive/texmf-dist/tex/generic/babel/babel.def
File: babel.def 2021/01/26 3.53 Babel common definitions
\babel@savecnt=\count266
\U@D=\dimen158
\l@babelnohyphens=\language86

(/usr/share/texlive/texmf-dist/tex/generic/babel/txtbabel.def)
\bbl@readstream=\read2
)
\bbl@dirlevel=\count267

(/usr/share/texlive/texmf-dist/tex/generic/babel-spanish/spanish.ldf
Language: spanish.ldf 2016/03/03 v5.0p Spanish support from the babel system
\es@quottoks=\toks24
\es@quotdepth=\count268
Package babel Info: Making " an active character on input line 561.
Package babel Info: Making . an active character on input line 662.
Package babel Info: Making < an active character on input line 707.
Package babel Info: Making > an active character on input line 707.
))
(/usr/share/texlive/texmf-dist/tex/latex/float/float.sty
Package: float 2001/11/08 v1.3d Float enhancements (AL)
\c@float@type=\count269
\float@exts=\toks25
\float@box=\box49
\@float@everytoks=\toks26
\@floatcapt=\box50
)
(/usr/share/texlive/texmf-dist/tex/latex/tools/longtable.sty
Package: longtable 2020/01/07 v4.13 Multi-page Table package (DPC)
\LTleft=\skip52
\LTright=\skip53
\LTpre=\skip54
\LTpost=\skip55
\LTchunksize=\count270
\LTcapwidth=\dimen159
\LT@head=\box51
\LT@firsthead=\box52
\LT@foot=\box53
\LT@lastfoot=\box54
\LT@cols=\count271
\LT@rows=\count272
\c@LT@tables=\count273
\c@LT@chunks=\count274
\LT@p@ftn=\toks27
)
(/usr/share/texlive/texmf-dist/tex/latex/multirow/multirow.sty
Package: multirow 2021/01/29 v2.7 Span multiple rows of a table
\multirow@colwidth=\skip56
\multirow@cntb=\count275
\multirow@dima=\skip57
\bigstrutjot=\dimen160
)
(/usr/share/texlive/texmf-dist/tex/latex/booktabs/booktabs.sty
Package: booktabs 2020/01/12 v1.61803398 Publication quality tables
\heavyrulewidth=\dimen161
\lightrulewidth=\dimen162
\cmidrulewidth=\dimen163
\belowrulesep=\dimen164
\belowbottomsep=\dimen165
\aboverulesep=\dimen166
\abovetopsep=\dimen167
\cmidrulesep=\dimen168
\cmidrulekern=\dimen169
\defaultaddspace=\dimen170
\@cmidla=\count276
\@cmidlb=\count277
\@aboverulesep=\dimen171
\@belowrulesep=\dimen172
\@thisruleclass=\count278
\@lastruleclass=\count279
\@thisrulewidth=\dimen173
)
(/usr/share/texlive/texmf-dist/tex/latex/caption/caption.sty
Package: caption 2020/10/26 v3.5g Customizing captions (AR)

(/usr/share/texlive/texmf-dist/tex/latex/caption/caption3.sty
Package: caption3 2020/10/21 v2.2e caption3 kernel (AR)
\captionmargin=\dimen174
\captionmargin@=\dimen175
\captionwidth=\dimen176
\caption@tempdima=\dimen177
\caption@indent=\dimen178
\caption@parindent=\dimen179
\caption@hangindent=\dimen180
Package caption Info: Standard document class detected.
)
\c@caption@flags=\count280
\c@continuedfloat=\count281
Package caption Info: float package is loaded.
Package caption Info: longtable package is loaded.

(/usr/share/texlive/texmf-dist/tex/latex/caption/ltcaption.sty
Package: ltcaption 2020/05/30 v1.4b longtable captions (AR)
))
(/usr/share/texlive/texmf-dist/tex/latex/makecell/makecell.sty
Package: makecell 2009/08/03 V0.1e Managing of Tab Column Heads and Cells

(/usr/share/texlive/texmf-dist/tex/latex/tools/array.sty
Package: array 2020/10/01 v2.5c Tabular extension package (FMi)
\col@sep=\dimen181
\ar@mcellbox=\box55
\extrarowheight=\dimen182
\NC@list=\toks28
\extratabsurround=\skip58
\backup@length=\skip59
\ar@cellbox=\box56
)
\rotheadsize=\dimen183
\c@nlinenum=\count282
\TeXr@lab=\toks29
)
(/usr/share/texlive/texmf-dist/tex/latex/hyperref/hyperref.sty
Package: hyperref 2020-05-15 v7.00e Hypertext links for LaTeX

(/usr/share/texlive/texmf-dist/tex/generic/ltxcmds/ltxcmds.sty
Package: ltxcmds 2020-05-10 v1.25 LaTeX kernel commands for general use (HO)
)
(/usr/share/texlive/texmf-dist/tex/generic/pdftexcmds/pdftexcmds.sty
Package: pdftexcmds 2020-06-27 v0.33 Utility functions of pdfTeX for LuaTeX (HO
)

(/usr/share/texlive/texmf-dist/tex/generic/infwarerr/infwarerr.sty
Package: infwarerr 2019/12/03 v1.5 Providing info/warning/error messages (HO)
)
Package pdftexcmds Info: \pdf@primitive is available.
Package pdftexcmds Info: \pdf@ifprimitive is available.
Package pdftexcmds Info: \pdfdraftmode found.
)
(/usr/share/texlive/texmf-dist/tex/generic/kvsetkeys/kvsetkeys.sty
Package: kvsetkeys 2019/12/15 v1.18 Key value parser (HO)
)
(/usr/share/texlive/texmf-dist/tex/generic/kvdefinekeys/kvdefinekeys.sty
Package: kvdefinekeys 2019-12-19 v1.6 Define keys (HO)
)
(/usr/share/texlive/texmf-dist/tex/generic/pdfescape/pdfescape.sty
Package: pdfescape 2019/12/09 v1.15 Implements pdfTeX's escape features (HO)
)
(/usr/share/texlive/texmf-dist/tex/latex/hycolor/hycolor.sty
Package: hycolor 2020-01-27 v1.10 Color options for hyperref/bookmark (HO)
)
(/usr/share/texlive/texmf-dist/tex/latex/letltxmacro/letltxmacro.sty
Package: letltxmacro 2019/12/03 v1.6 Let assignment for LaTeX macros (HO)
)
(/usr/share/texlive/texmf-dist/tex/latex/auxhook/auxhook.sty
Package: auxhook 2019-12-17 v1.6 Hooks for auxiliary files (HO)
)
(/usr/share/texlive/texmf-dist/tex/latex/kvoptions/kvoptions.sty
Package: kvoptions 2020-10-07 v3.14 Key value format for package options (HO)
)
\@linkdim=\dimen184
\Hy@linkcounter=\count283
\Hy@pagecounter=\count284

(/usr/share/texlive/texmf-dist/tex/latex/hyperref/pd1enc.def
File: pd1enc.def 2020-05-15 v7.00e Hyperref: PDFDocEncoding definition (HO)
Now handling font encoding PD1 ...
... no UTF-8 mapping file for font encoding PD1
)
(/usr/share/texlive/texmf-dist/tex/generic/intcalc/intcalc.sty
Package: intcalc 2019/12/15 v1.3 Expandable calculations with integers (HO)
)
(/usr/share/texlive/texmf-dist/tex/generic/etexcmds/etexcmds.sty
Package: etexcmds 2019/12/15 v1.7 Avoid name clashes with e-TeX commands (HO)
)
\Hy@SavedSpaceFactor=\count285
Package hyperref Info: Hyper figures OFF on input line 4464.
Package hyperref Info: Link nesting OFF on input line 4469.
Package hyperref Info: Hyper index ON on input line 4472.
Package hyperref Info: Plain pages OFF on input line 4479.
Package hyperref Info: Backreferencing OFF on input line 4484.
Package hyperref Info: Implicit mode ON; LaTeX internals redefined.
Package hyperref Info: Bookmarks ON on input line 4717.
\c@Hy@tempcnt=\count286

(/usr/share/texlive/texmf-dist/tex/latex/url/url.sty
\Urlmuskip=\muskip17
Package: url 2013/09/16  ver 3.4  Verb mode for urls, etc.
)
LaTeX Info: Redefining \url on input line 5076.
\XeTeXLinkMargin=\dimen185

(/usr/share/texlive/texmf-dist/tex/generic/bitset/bitset.sty
Package: bitset 2019/12/09 v1.3 Handle bit-vector datatype (HO)

(/usr/share/texlive/texmf-dist/tex/generic/bigintcalc/bigintcalc.sty
Package: bigintcalc 2019/12/15 v1.5 Expandable calculations on big integers (HO
)
))
\Fld@menulength=\count287
\Field@Width=\dimen186
\Fld@charsize=\dimen187
Package hyperref Info: Hyper figures OFF on input line 6347.
Package hyperref Info: Link nesting OFF on input line 6352.
Package hyperref Info: Hyper index ON on input line 6355.
Package hyperref Info: backreferencing OFF on input line 6362.
Package hyperref Info: Link coloring OFF on input line 6367.
Package hyperref Info: Link coloring with OCG OFF on input line 6372.
Package hyperref Info: PDF/A mode OFF on input line 6377.
LaTeX Info: Redefining \ref on input line 6417.
LaTeX Info: Redefining \pageref on input line 6421.

(/usr/share/texlive/texmf-dist/tex/latex/base/atbegshi-ltx.sty
Package: atbegshi-ltx 2020/08/17 v1.0a Emulation of the original atbegshi packa
ge
with kernel methods
)
\Hy@abspage=\count288
\c@Item=\count289
\c@Hfootnote=\count290
)
Package hyperref Info: Driver (autodetected): hpdftex.

(/usr/share/texlive/texmf-dist/tex/latex/hyperref/hpdftex.def
File: hpdftex.def 2020-05-15 v7.00e Hyperref driver for pdfTeX

(/usr/share/texlive/texmf-dist/tex/latex/base/atveryend-ltx.sty
Package: atveryend-ltx 2020/08/19 v1.0a Emulation of the original atvery packag
e
with kernel methods
)
\Fld@listcount=\count291
\c@bookmark@seq@number=\count292

(/usr/share/texlive/texmf-dist/tex/latex/rerunfilecheck/rerunfilecheck.sty
Package: rerunfilecheck 2019/12/05 v1.9 Rerun checks for auxiliary files (HO)

(/usr/share/texlive/texmf-dist/tex/generic/uniquecounter/uniquecounter.sty
Package: uniquecounter 2019/12/15 v1.4 Provide unlimited unique counter (HO)
)
Package uniquecounter Info: New unique counter `rerunfilecheck' on input line 2
86.
)
\Hy@SectionHShift=\skip60
)
(/usr/share/texlive/texmf-dist/tex/latex/listings/listings.sty
\lst@mode=\count293
\lst@gtempboxa=\box57
\lst@token=\toks30
\lst@length=\count294
\lst@currlwidth=\dimen188
\lst@column=\count295
\lst@pos=\count296
\lst@lostspace=\dimen189
\lst@width=\dimen190
\lst@newlines=\count297
\lst@lineno=\count298
\lst@maxwidth=\dimen191

(/usr/share/texlive/texmf-dist/tex/latex/listings/lstmisc.sty
File: lstmisc.sty 2020/03/24 1.8d (Carsten Heinz)
\c@lstnumber=\count299
\lst@skipnumbers=\count300
\lst@framebox=\box58
)
(/usr/share/texlive/texmf-dist/tex/latex/listings/listings.cfg
File: listings.cfg 2020/03/24 1.8d listings configuration
))
Package: listings 2020/03/24 1.8d (Carsten Heinz)

(/usr/share/texlive/texmf-dist/tex/latex/graphics/color.sty
Package: color 2020/02/24 v1.2b Standard LaTeX Color (DPC)

(/usr/share/texlive/texmf-dist/tex/latex/graphics-cfg/color.cfg
File: color.cfg 2016/01/02 v1.6 sample color configuration
)
Package color Info: Driver file: pdftex.def on input line 147.
)
(/usr/share/texlive/texmf-dist/tex/latex/l3backend/l3backend-pdftex.def
File: l3backend-pdftex.def 2020-01-29 L3 backend support: PDF output (pdfTeX)
\l__color_backend_stack_int=\count301
\l__pdf_internal_box=\box59
)
(./bitacora.aux
LaTeX Info: Redefining \. on input line 25.
LaTeX Info: Redefining \% on input line 25.
)
\openout1 = `bitacora.aux'.

LaTeX Font Info:    Checking defaults for OML/cmm/m/it on input line 22.
LaTeX Font Info:    ... okay on input line 22.
LaTeX Font Info:    Checking defaults for OMS/cmsy/m/n on input line 22.
LaTeX Font Info:    ... okay on input line 22.
LaTeX Font Info:    Checking defaults for OT1/cmr/m/n on input line 22.
LaTeX Font Info:    ... okay on input line 22.
LaTeX Font Info:    Checking defaults for T1/cmr/m/n on input line 22.
LaTeX Font Info:    ... okay on input line 22.
LaTeX Font Info:    Checking defaults for TS1/cmr/m/n on input line 22.
LaTeX Font Info:    ... okay on input line 22.
LaTeX Font Info:    Checking defaults for OMX/cmex/m/n on input line 22.
LaTeX Font Info:    ... okay on input line 22.
LaTeX Font Info:    Checking defaults for U/cmr/m/n on input line 22.
LaTeX Font Info:    ... okay on input line 22.
LaTeX Font Info:    Checking defaults for PD1/pdf/m/n on input line 22.
LaTeX Font Info:    ... okay on input line 22.

*geometry* driver: auto-detecting
*geometry* detected driver: pdftex
*geometry* verbose mode - [ preamble ] result:
* driver: pdftex
* paper: <default>
* layout: <same size as paper>
* layoutoffset:(h,v)=(0.0pt,0.0pt)
* modes: 
* h-part:(L,W,R)=(56.9055pt, 512.1496pt, 45.2399pt)
* v-part:(T,H,B)=(56.9055pt, 597.50787pt, 140.55661pt)
* \paperwidth=614.295pt
* \paperheight=794.96999pt
* \textwidth=512.1496pt
* \textheight=597.50787pt
* \oddsidemargin=-15.36449pt
* \evensidemargin=-15.36449pt
* \topmargin=-52.36449pt
* \headheight=12.0pt
* \headsep=25.0pt
* \topskip=10.0pt
* \footskip=30.0pt
* \marginparwidth=65.0pt
* \marginparsep=11.0pt
* \columnsep=10.0pt
* \skip\footins=9.0pt plus 4.0pt minus 2.0pt
* \hoffset=0.0pt
* \voffset=0.0pt
* \mag=1000
* \@twocolumnfalse
* \@twosidefalse
* \@mparswitchfalse
* \@reversemarginfalse
* (1in=72.27pt=25.4mm, 1cm=28.453pt)

(/usr/share/texlive/texmf-dist/tex/context/base/mkii/supp-pdf.mkii
[Loading MPS to PDF converter (version 2006.09.02).]
\scratchcounter=\count302
\scratchdimen=\dimen192
\scratchbox=\box60
\nofMPsegments=\count303
\nofMParguments=\count304
\everyMPshowfont=\toks31
\MPscratchCnt=\count305
\MPscratchDim=\dimen193
\MPnumerator=\count306
\makeMPintoPDFobject=\count307
\everyMPtoPDFconversion=\toks32
) (/usr/share/texlive/texmf-dist/tex/latex/epstopdf-pkg/epstopdf-base.sty
Package: epstopdf-base 2020-01-24 v2.11 Base part for package epstopdf
Package epstopdf-base Info: Redefining graphics rule for `.eps' on input line 4
85.

(/usr/share/texlive/texmf-dist/tex/latex/latexconfig/epstopdf-sys.cfg
File: epstopdf-sys.cfg 2010/07/13 v1.3 Configuration of (r)epstopdf for TeX Liv
e
))
LaTeX Info: Redefining \. on input line 22.
LaTeX Info: Redefining \% on input line 22.
Package caption Info: Begin \AtBeginDocument code.
Package caption Info: hyperref package is loaded.
Package caption Info: listings package is loaded.
Package caption Info: End \AtBeginDocument code.
Package hyperref Info: Link coloring OFF on input line 22.

(/usr/share/texlive/texmf-dist/tex/latex/hyperref/nameref.sty
Package: nameref 2019/09/16 v2.46 Cross-referencing by name of section

(/usr/share/texlive/texmf-dist/tex/latex/refcount/refcount.sty
Package: refcount 2019/12/15 v3.6 Data extraction from label references (HO)
)
(/usr/share/texlive/texmf-dist/tex/generic/gettitlestring/gettitlestring.sty
Package: gettitlestring 2019/12/15 v1.6 Cleanup title references (HO)
)
\c@section@level=\count308
)
LaTeX Info: Redefining \ref on input line 22.
LaTeX Info: Redefining \pageref on input line 22.
LaTeX Info: Redefining \nameref on input line 22.

(./bitacora.out) (./bitacora.out)
\@outlinefile=\write3
\openout3 = `bitacora.out'.

\c@lstlisting=\count309
LaTeX Font Info:    Trying to load font information for U+lasy on input line 24
.

(/usr/share/texlive/texmf-dist/tex/latex/base/ulasy.fd
File: ulasy.fd 1998/08/17 v2.2e LaTeX symbol font definitions
)
LaTeX Font Info:    Trying to load font information for U+msa on input line 24.


(/usr/share/texlive/texmf-dist/tex/latex/amsfonts/umsa.fd
File: umsa.fd 2013/01/14 v3.01 AMS symbols A
)
LaTeX Font Info:    Trying to load font information for U+msb on input line 24.


(/usr/share/texlive/texmf-dist/tex/latex/amsfonts/umsb.fd
File: umsb.fd 2013/01/14 v3.01 AMS symbols B
) [1

{/var/lib/texmf/fonts/map/pdftex/updmap/pdftex.map}]
Underfull \vbox (badness 10000) detected at line 88
 []


Underfull \vbox (badness 10000) detected at line 133
 []

[2]
Underfull \vbox (badness 10000) detected at line 157
 []

[3] [4]
Underfull \vbox (badness 10000) detected at line 201
 []

<images/broker_aws.jpg, id=41, 826.58812pt x 365.86688pt>
File: images/broker_aws.jpg Graphic file (type jpg)
<use images/broker_aws.jpg>
Package pdftex.def Info: images/broker_aws.jpg  used on input line 209.
(pdftex.def)             Requested size: 495.9567pt x 219.52182pt.
<images/conf_inicial_broker.jpg, id=42, 389.95688pt x 44.41594pt>
File: images/conf_inicial_broker.jpg Graphic file (type jpg)
<use images/conf_inicial_broker.jpg>
Package pdftex.def Info: images/conf_inicial_broker.jpg  used on input line 222
.
(pdftex.def)             Requested size: 389.95592pt x 44.41582pt.
[5 <./images/broker_aws.jpg>]
Underfull \hbox (badness 10000) in paragraph at lines 226--228

 []

<images/prueba_bateria_1.jpg, id=53, 4625.28pt x 3468.96pt>
File: images/prueba_bateria_1.jpg Graphic file (type jpg)
<use images/prueba_bateria_1.jpg>
Package pdftex.def Info: images/prueba_bateria_1.jpg  used on input line 231.
(pdftex.def)             Requested size: 462.5551pt x 346.91632pt.
<images/prueba_bateria_2.jpg, id=54, 4625.28pt x 3468.96pt>
File: images/prueba_bateria_2.jpg Graphic file (type jpg)
<use images/prueba_bateria_2.jpg>
Package pdftex.def Info: images/prueba_bateria_2.jpg  used on input line 236.
(pdftex.def)             Requested size: 462.5551pt x 346.91632pt.
[6 <./images/conf_inicial_broker.jpg> <./images/prueba_bateria_1.jpg>]
Underfull \hbox (badness 10000) in paragraph at lines 239--242

 []

[7 <./images/prueba_bateria_2.jpg>]
<images/esquematico.jpg, id=68, 591.71063pt x 420.82219pt>
File: images/esquematico.jpg Graphic file (type jpg)
<use images/esquematico.jpg>
Package pdftex.def Info: images/esquematico.jpg  used on input line 253.
(pdftex.def)             Requested size: 532.53465pt x 378.73647pt.

Overfull \hbox (20.38506pt too wide) in paragraph at lines 253--254
 [][] 
 []

<images/footprint1.jpg, id=69, 828.84656pt x 408.02437pt>
File: images/footprint1.jpg Graphic file (type jpg)
<use images/footprint1.jpg>
Package pdftex.def Info: images/footprint1.jpg  used on input line 260.
(pdftex.def)             Requested size: 414.42226pt x 204.01169pt.
[8 <./images/esquematico.jpg>]
<images/footprint2.jpg, id=77, 767.86874pt x 428.35031pt>
File: images/footprint2.jpg Graphic file (type jpg)
<use images/footprint2.jpg>
Package pdftex.def Info: images/footprint2.jpg  used on input line 266.
(pdftex.def)             Requested size: 383.93343pt x 214.17462pt.
 [9 <./images/footprint1.jpg> <./images/footprint2.jpg>]
Underfull \hbox (badness 10000) in paragraph at lines 274--277

 []


Overfull \hbox (12.1569pt too wide) in paragraph at lines 294--295
[]\OT1/cmr/m/n/10 Obtener Boots-trap a trav^^Ses de un CDN (Con-tent De-li-very
 Net-work): []$\OT1/cmtt/m/n/10 https : / / cdn . jsdelivr . net / npm / bootst
rap @
 []

LaTeX Font Info:    Trying to load font information for OML+cmr on input line 3
16.
(/usr/share/texlive/texmf-dist/tex/latex/base/omlcmr.fd
File: omlcmr.fd 2019/12/16 v2.5j Standard LaTeX font definitions
)
LaTeX Font Info:    Font shape `OML/cmr/m/n' in size <10> not available
(Font)              Font shape `OML/cmm/m/it' tried instead on input line 316.
 [10]
Overfull \hbox (15.85577pt too wide) in paragraph at lines 332--333
[][][][][][][][][][][][][][][][][][][][][][][][][][][][][][][] 
 []


Overfull \hbox (15.85577pt too wide) in paragraph at lines 336--337
[][][][][][][][][][][][][][][][][][][][][][][][][][][][][] 
 []

[11] [12]
<images/estructura.jpg, id=201, 329.73187pt x 135.50626pt>
File: images/estructura.jpg Graphic file (type jpg)
<use images/estructura.jpg>
Package pdftex.def Info: images/estructura.jpg  used on input line 454.
(pdftex.def)             Requested size: 247.29828pt x 101.62943pt.
<images/app.jpg, id=203, 714.41907pt x 431.36156pt>
File: images/app.jpg Graphic file (type jpg)
<use images/app.jpg>
Package pdftex.def Info: images/app.jpg  used on input line 464.
(pdftex.def)             Requested size: 535.81299pt x 323.52037pt.

Overfull \hbox (23.66339pt too wide) in paragraph at lines 464--465
 [][] 
 []


Underfull \hbox (badness 10000) in paragraph at lines 458--466

 []

[13 <./images/estructura.jpg>]
<images/ruteo_pistas.jpg, id=248, 774.64406pt x 577.40718pt>
File: images/ruteo_pistas.jpg Graphic file (type jpg)
<use images/ruteo_pistas.jpg>
Package pdftex.def Info: images/ruteo_pistas.jpg  used on input line 478.
(pdftex.def)             Requested size: 503.51266pt x 375.31023pt.
 [14 <./images/app.jpg>]
<images/pcb.jpg, id=256, 303.0522pt x 196.5744pt>
File: images/pcb.jpg Graphic file (type jpg)
<use images/pcb.jpg>
Package pdftex.def Info: images/pcb.jpg  used on input line 484.
(pdftex.def)             Requested size: 196.98158pt x 127.77184pt.
<images/vista_planta.jpg, id=257, 350.81062pt x 240.14719pt>
File: images/vista_planta.jpg Graphic file (type jpg)
<use images/vista_planta.jpg>
Package pdftex.def Info: images/vista_planta.jpg  used on input line 491.
(pdftex.def)             Requested size: 350.80975pt x 240.14658pt.
 [15 <./images/ruteo_pistas.jpg> <./images/pcb.jpg>]
<images/vista_frente.jpg, id=264, 383.18156pt x 185.19188pt>
File: images/vista_frente.jpg Graphic file (type jpg)
<use images/vista_frente.jpg>
Package pdftex.def Info: images/vista_frente.jpg  used on input line 497.
(pdftex.def)             Requested size: 383.18062pt x 185.1914pt.
<images/estructura_arduino.jpg, id=266, 203.25937pt x 122.70844pt>
File: images/estructura_arduino.jpg Graphic file (type jpg)
<use images/estructura_arduino.jpg>
Package pdftex.def Info: images/estructura_arduino.jpg  used on input line 508.

(pdftex.def)             Requested size: 203.25887pt x 122.70813pt.

Underfull \hbox (badness 10000) in paragraph at lines 502--510

 []

[16 <./images/vista_planta.jpg> <./images/vista_frente.jpg>]
LaTeX Font Info:    Trying to load font information for OMS+cmr on input line 5
23.

(/usr/share/texlive/texmf-dist/tex/latex/base/omscmr.fd
File: omscmr.fd 2019/12/16 v2.5j Standard LaTeX font definitions
)
LaTeX Font Info:    Font shape `OMS/cmr/m/n' in size <10> not available
(Font)              Font shape `OMS/cmsy/m/n' tried instead on input line 523.
 [17 <./images/estructura_arduino.jpg>] [18] [19] [20]
<images/wifi_manager.jpg, id=467, 614.295pt x 93.34875pt>
File: images/wifi_manager.jpg Graphic file (type jpg)
<use images/wifi_manager.jpg>
Package pdftex.def Info: images/wifi_manager.jpg  used on input line 715.
(pdftex.def)             Requested size: 522.15321pt x 79.3468pt.

Overfull \hbox (10.00362pt too wide) in paragraph at lines 715--716
 [][] 
 []

<images/wifi_config1.jpg, id=468, 722.7pt x 1606.0pt>
File: images/wifi_config1.jpg Graphic file (type jpg)
<use images/wifi_config1.jpg>
Package pdftex.def Info: images/wifi_config1.jpg  used on input line 723.
(pdftex.def)             Requested size: 108.40031pt x 240.8896pt.
<images/wifi_config2.jpg, id=469, 722.7pt x 1606.0pt>
File: images/wifi_config2.jpg Graphic file (type jpg)
<use images/wifi_config2.jpg>
Package pdftex.def Info: images/wifi_config2.jpg  used on input line 724.
(pdftex.def)             Requested size: 108.40031pt x 240.8896pt.
<images/wifi_selection1.jpg, id=470, 722.7pt x 1606.0pt>
File: images/wifi_selection1.jpg Graphic file (type jpg)
<use images/wifi_selection1.jpg>
Package pdftex.def Info: images/wifi_selection1.jpg  used on input line 730.
(pdftex.def)             Requested size: 108.40031pt x 240.8896pt.
<images/wifi_selection3.jpg, id=471, 722.7pt x 1606.0pt>
File: images/wifi_selection3.jpg Graphic file (type jpg)
<use images/wifi_selection3.jpg>
Package pdftex.def Info: images/wifi_selection3.jpg  used on input line 731.
(pdftex.def)             Requested size: 108.40031pt x 240.8896pt.
[21 <./images/wifi_manager.jpg> <./images/wifi_config1.jpg> <./images/wifi_conf
ig2.jpg>] [22 <./images/wifi_selection1.jpg> <./images/wifi_selection3.jpg>]
(./bitacora.aux
LaTeX Info: Redefining \. on input line 25.
LaTeX Info: Redefining \% on input line 25.
)
Package rerunfilecheck Info: File `bitacora.out' has not changed.
(rerunfilecheck)             Checksum: D41D8CD98F00B204E9800998ECF8427E;0.
 ) 
Here is how much of TeX's memory you used:
 11822 strings out of 479304
 177247 string characters out of 5869779
 563028 words of memory out of 5000000
 28417 multiletter control sequences out of 15000+600000
 412432 words of font info for 66 fonts, out of 8000000 for 9000
 1141 hyphenation exceptions out of 8191
 71i,8n,74p,493b,1818s stack positions out of 5000i,500n,10000p,200000b,80000s
{/usr/share/texmf/fonts/enc/dvips/cm-super/cm-super-ts1.enc}</usr/share/texli
ve/texmf-dist/fonts/type1/public/amsfonts/cm/cmbx10.pfb></usr/share/texlive/tex
mf-dist/fonts/type1/public/amsfonts/cm/cmbx12.pfb></usr/share/texlive/texmf-dis
t/fonts/type1/public/amsfonts/cm/cmmi10.pfb></usr/share/texlive/texmf-dist/font
s/type1/public/amsfonts/cm/cmr10.pfb></usr/share/texlive/texmf-dist/fonts/type1
/public/amsfonts/cm/cmr12.pfb></usr/share/texlive/texmf-dist/fonts/type1/public
/amsfonts/cm/cmr17.pfb></usr/share/texlive/texmf-dist/fonts/type1/public/amsfon
ts/cm/cmsy10.pfb></usr/share/texlive/texmf-dist/fonts/type1/public/amsfonts/cm/
cmtt10.pfb></usr/share/texmf/fonts/type1/public/cm-super/sfrm1000.pfb>
Output written on bitacora.pdf (22 pages, 14599809 bytes).
PDF statistics:
 602 PDF objects out of 1000 (max. 8388607)
 544 compressed objects within 6 object streams
 381 named destinations out of 1000 (max. 500000)
 96 words of extra memory for PDF output out of 10000 (max. 10000000)

